<?xml version="1.0" encoding="UTF-8" ?>
<testsuite tests="3" failures="0" name="AccountFrozenExceptionTest" time="0.017" errors="0" skipped="0">
  <properties>
[...]
</properties>
  <testcase classname="AccountFrozenExceptionTest" name="AccountFrozenExceptionTest.testDefaultLimit" time="0.017"/>
  <testcase classname="AccountFrozenExceptionTest" name="AccountFrozenExceptionTest.testLowerBalanceThanDefaultLimit" time="0"/>
  <testcase classname="AccountFrozenExceptionTest" name="AccountFrozenExceptionTest.testDefaultLimitExceed" time="0"/>
</testsuite>